<?xml version="1.0" encoding="UTF-8"?>
<robot generator="Robot 3.2.1 (Python 3.8.3 on win32)" generated="20200624 21:32:56.532" rpa="false">
<suite id="s1" name="Test" source="C:\Users\oscafern\Documents\Automation_Challenges\CodeRepository\20200617_RobotFramework_Training\test.robot">
<test id="s1-t1" name="Add_Products">
<kw name="Open Browser" library="SeleniumLibrary">
<doc>Opens a new browser instance to the optional ``url``.</doc>
<arguments>
<arg>${URL2}</arg>
<arg>${Browser}</arg>
</arguments>
<msg timestamp="20200624 21:32:58.235" level="INFO">Opening browser 'Chrome' to base url 'http://testautomationplayground.northeurope.cloudapp.azure.com:8080/'.</msg>
<status status="PASS" starttime="20200624 21:32:58.235" endtime="20200624 21:33:09.779"></status>
</kw>
<kw name="Maximize Browser Window" library="SeleniumLibrary">
<doc>Maximizes current browser window.</doc>
<status status="PASS" starttime="20200624 21:33:09.780" endtime="20200624 21:33:11.963"></status>
</kw>
<kw name="Click Element" library="SeleniumLibrary">
<doc>Click the element identified by ``locator``.</doc>
<arguments>
<arg>xpath://mat-card[2]//button</arg>
</arguments>
<msg timestamp="20200624 21:33:11.967" level="INFO">Clicking element 'xpath://mat-card[2]//button'.</msg>
<status status="PASS" starttime="20200624 21:33:11.966" endtime="20200624 21:33:12.476"></status>
</kw>
<kw name="Click Element" library="SeleniumLibrary">
<doc>Click the element identified by ``locator``.</doc>
<arguments>
<arg>xpath://mat-card[6]//button</arg>
</arguments>
<msg timestamp="20200624 21:33:12.480" level="INFO">Clicking element 'xpath://mat-card[6]//button'.</msg>
<status status="PASS" starttime="20200624 21:33:12.479" endtime="20200624 21:33:12.656"></status>
</kw>
<kw name="Element Text Should Be" library="SeleniumLibrary">
<doc>Verifies that element ``locator`` contains exact the text ``expected``.</doc>
<arguments>
<arg>xpath://div[@class="cartDigit"]</arg>
<arg>2</arg>
</arguments>
<msg timestamp="20200624 21:33:12.658" level="INFO">Verifying element 'xpath://div[@class="cartDigit"]' contains exact text '2'.</msg>
<status status="PASS" starttime="20200624 21:33:12.657" endtime="20200624 21:33:12.751"></status>
</kw>
<tags>
<tag>product</tag>
</tags>
<status status="PASS" starttime="20200624 21:32:58.234" endtime="20200624 21:33:12.753" critical="yes"></status>
</test>
<status status="PASS" starttime="20200624 21:32:56.542" endtime="20200624 21:33:12.758"></status>
</suite>
<statistics>
<total>
<stat pass="1" fail="0">Critical Tests</stat>
<stat pass="1" fail="0">All Tests</stat>
</total>
<tag>
<stat pass="1" fail="0">product</stat>
</tag>
<suite>
<stat pass="1" fail="0" id="s1" name="Test">Test</stat>
</suite>
</statistics>
<errors>
</errors>
</robot>
