<?xml version="1.0" encoding="UTF-8"?>
<robot generator="Robot 3.2.1 (Python 3.8.3 on win32)" generated="20200617 11:56:15.802" rpa="false">
<suite id="s1" name="Test" source="C:\Users\oscafern\PycharmProjects\20200617_RobotFramework_Training\test.robot">
<test id="s1-t1" name="Login">
<kw name="Open Browser To Home Page">
<kw name="Open Browser" library="SeleniumLibrary">
<doc>Opens a new browser instance to the optional ``url``.</doc>
<arguments>
<arg>${URL2}</arg>
<arg>${Browser}</arg>
</arguments>
<msg timestamp="20200617 11:56:16.052" level="INFO">Opening browser 'Chrome' to base url 'http://testautomationplayground.northeurope.cloudapp.azure.com:8080/'.</msg>
<status status="PASS" starttime="20200617 11:56:16.052" endtime="20200617 11:56:29.885"></status>
</kw>
<kw name="Maximize Browser Window" library="SeleniumLibrary">
<doc>Maximizes current browser window.</doc>
<status status="PASS" starttime="20200617 11:56:29.885" endtime="20200617 11:56:32.033"></status>
</kw>
<status status="PASS" starttime="20200617 11:56:16.052" endtime="20200617 11:56:32.034"></status>
</kw>
<kw name="Input Credentials and Submit">
<kw name="Click Element" library="SeleniumLibrary">
<doc>Click the element identified by ``locator``.</doc>
<arguments>
<arg>${element_signin}</arg>
</arguments>
<msg timestamp="20200617 11:56:32.035" level="INFO">Clicking element 'xpath://span[text()="Sign in"]'.</msg>
<status status="PASS" starttime="20200617 11:56:32.034" endtime="20200617 11:56:32.413"></status>
</kw>
<kw name="Input Text" library="SeleniumLibrary">
<doc>Types the given ``text`` into the text field identified by ``locator``.</doc>
<arguments>
<arg>${element_input_username}</arg>
<arg>${user}</arg>
</arguments>
<msg timestamp="20200617 11:56:32.414" level="INFO">Typing text 'oscar' into text field 'xpath://input[@formcontrolname="username"]'.</msg>
<status status="PASS" starttime="20200617 11:56:32.413" endtime="20200617 11:56:32.608"></status>
</kw>
<kw name="Input Text" library="SeleniumLibrary">
<doc>Types the given ``text`` into the text field identified by ``locator``.</doc>
<arguments>
<arg>${element_input_password}</arg>
<arg>${pass}</arg>
</arguments>
<msg timestamp="20200617 11:56:32.608" level="INFO">Typing text 'abcd1234' into text field 'xpath://input[@formcontrolname="password"]'.</msg>
<status status="PASS" starttime="20200617 11:56:32.608" endtime="20200617 11:56:32.994"></status>
</kw>
<kw name="Click Button" library="SeleniumLibrary">
<doc>Clicks the button identified by ``locator``.</doc>
<arguments>
<arg>${button_signin}</arg>
</arguments>
<msg timestamp="20200617 11:56:32.994" level="INFO">Clicking button 'xpath://app-sign-in-or-up-dialog//button[contains(., 'Sign in')]'.</msg>
<status status="PASS" starttime="20200617 11:56:32.994" endtime="20200617 11:56:33.120"></status>
</kw>
<status status="PASS" starttime="20200617 11:56:32.034" endtime="20200617 11:56:33.120"></status>
</kw>
<kw name="Verify Login">
<kw name="Wait Until Page Contains Element" library="SeleniumLibrary">
<doc>Waits until the element ``locator`` appears on the current page.</doc>
<arguments>
<arg>${element_welcomeMessage}</arg>
</arguments>
<status status="PASS" starttime="20200617 11:56:33.122" endtime="20200617 11:56:33.413"></status>
</kw>
<kw name="Element Text Should Be" library="SeleniumLibrary">
<doc>Verifies that element ``locator`` contains exact the text ``expected``.</doc>
<arguments>
<arg>${element_welcomeMessage}</arg>
<arg>${welcome_controltext}</arg>
</arguments>
<msg timestamp="20200617 11:56:33.414" level="INFO">Verifying element 'xpath://span[contains(@class, 'welcomeMessage')]' contains exact text 'Welcome!'.</msg>
<status status="PASS" starttime="20200617 11:56:33.414" endtime="20200617 11:56:33.457"></status>
</kw>
<status status="PASS" starttime="20200617 11:56:33.121" endtime="20200617 11:56:33.457"></status>
</kw>
<status status="PASS" starttime="20200617 11:56:16.051" endtime="20200617 11:56:33.458" critical="yes"></status>
</test>
<status status="PASS" starttime="20200617 11:56:15.805" endtime="20200617 11:56:33.460"></status>
</suite>
<statistics>
<total>
<stat pass="1" fail="0">Critical Tests</stat>
<stat pass="1" fail="0">All Tests</stat>
</total>
<tag>
</tag>
<suite>
<stat pass="1" fail="0" id="s1" name="Test">Test</stat>
</suite>
</statistics>
<errors>
</errors>
</robot>
